  ThreeSweepNode.cpp
ThreeSweepNode.cpp(139): warning C4273: 'MPxNode::dependsOn': inconsistent dll linkage
  D:\Program Files\Autodesk\Maya2016\include\maya/MPxNode.h(184): note: see previous definition of 'dependsOn'
  pluginMain.cpp
  ThreeSweepCmd.cpp
ThreeSweepCmd.cpp(129): warning C4244: 'initializing': conversion from 'double' to 'float', possible loss of data
ThreeSweepCmd.cpp(152): warning C4244: 'initializing': conversion from 'double' to 'float', possible loss of data
ThreeSweepCmd.cpp(153): warning C4244: 'initializing': conversion from 'double' to 'float', possible loss of data
ThreeSweepCmd.cpp(42): warning C4101: 'status': unreferenced local variable
ThreeSweepCmd.cpp(278): warning C4305: 'initializing': truncation from 'double' to 'float'
  Test.cpp
  Stroke.cpp
backend\Stroke.cpp(31): warning C4267: 'return': conversion from 'size_t' to 'int', possible loss of data
  Solution.cpp
backend\Solution.cpp(100): warning C4244: 'initializing': conversion from 'double' to 'float', possible loss of data
  Manager.cpp
  Geometry.cpp
  Circle.cpp
  Generating Code...
     Creating library Debug\3Sweep.lib and object Debug\3Sweep.exp
  3Sweep.vcxproj -> d:\onedrive\documents\visual studio 2015\Projects\3Sweep\3Sweep\3Sweep.mll
