c:\users\sig\source\repos\3sweep2\3sweep\debug\3sweep.lib
c:\users\sig\source\repos\3sweep2\3sweep\debug\3sweep.exp
c:\users\sig\source\repos\3sweep2\3sweep\debug\3sweep.pdb
c:\users\sig\source\repos\3sweep2\3sweep\debug\3sweep.idb
c:\users\sig\source\repos\3sweep2\3sweep\debug\circle.obj
c:\users\sig\source\repos\3sweep2\3sweep\debug\geometry.obj
c:\users\sig\source\repos\3sweep2\3sweep\debug\manager.obj
c:\users\sig\source\repos\3sweep2\3sweep\debug\solution.obj
c:\users\sig\source\repos\3sweep2\3sweep\debug\stroke.obj
c:\users\sig\source\repos\3sweep2\3sweep\debug\test.obj
c:\users\sig\source\repos\3sweep2\3sweep\debug\threesweepcmd.obj
c:\users\sig\source\repos\3sweep2\3sweep\debug\pluginmain.obj
c:\users\sig\source\repos\3sweep2\3sweep\3sweep.ilk
c:\users\sig\source\repos\3sweep2\3sweep\3sweep.mll
c:\users\sig\source\repos\3sweep2\3sweep\3sweep.pdb
c:\users\sig\source\repos\3sweep2\3sweep\debug\3sweep.tlog\3sweep.write.1u.tlog
c:\users\sig\source\repos\3sweep2\3sweep\debug\3sweep.tlog\cl.command.1.tlog
c:\users\sig\source\repos\3sweep2\3sweep\debug\3sweep.tlog\cl.read.1.tlog
c:\users\sig\source\repos\3sweep2\3sweep\debug\3sweep.tlog\cl.write.1.tlog
c:\users\sig\source\repos\3sweep2\3sweep\debug\3sweep.tlog\link.command.1.tlog
c:\users\sig\source\repos\3sweep2\3sweep\debug\3sweep.tlog\link.read.1.tlog
c:\users\sig\source\repos\3sweep2\3sweep\debug\3sweep.tlog\link.write.1.tlog
